2013/03/30 13:39:26 INFO  - jmeter.util.JMeterUtils: Setting Locale to en_US 
2013/03/30 13:39:26 INFO  - jmeter.JMeter: Loading user properties from: /Applications/apache-jmeter-2.6/bin/user.properties 
2013/03/30 13:39:26 INFO  - jmeter.JMeter: Loading system properties from: /Applications/apache-jmeter-2.6/bin/system.properties 
2013/03/30 13:39:26 INFO  - jmeter.JMeter: Copyright (c) 1998-2012 The Apache Software Foundation 
2013/03/30 13:39:26 INFO  - jmeter.JMeter: Version 2.6 r1237317 
2013/03/30 13:39:26 INFO  - jmeter.JMeter: java.version=1.6.0_41 
2013/03/30 13:39:26 INFO  - jmeter.JMeter: java.vm.name=Java HotSpot(TM) 64-Bit Server VM 
2013/03/30 13:39:26 INFO  - jmeter.JMeter: os.name=Mac OS X 
2013/03/30 13:39:26 INFO  - jmeter.JMeter: os.arch=x86_64 
2013/03/30 13:39:26 INFO  - jmeter.JMeter: os.version=10.7.5 
2013/03/30 13:39:26 INFO  - jmeter.JMeter: file.encoding=MacRoman 
2013/03/30 13:39:26 INFO  - jmeter.JMeter: Default Locale=English (United States) 
2013/03/30 13:39:26 INFO  - jmeter.JMeter: JMeter  Locale=English (United States) 
2013/03/30 13:39:26 INFO  - jmeter.JMeter: JMeterHome=/Applications/apache-jmeter-2.6 
2013/03/30 13:39:26 INFO  - jmeter.JMeter: user.dir  =/Users/santanudey/Projects/Training/src 
2013/03/30 13:39:26 INFO  - jmeter.JMeter: PWD       =/Users/santanudey/Projects/Training/src 
2013/03/30 13:39:26 INFO  - jmeter.JMeter: IP: 10.0.0.2 Name: Santanu-Deys-MacBook-Pro.local FullName: 10.0.0.2 
2013/03/30 13:39:26 INFO  - jmeter.JMeter: Loaded icon properties from org/apache/jmeter/images/icon.properties 
2013/03/30 13:39:28 INFO  - jmeter.engine.util.CompoundVariable: Note: Function class names must contain the string: '.functions.' 
2013/03/30 13:39:28 INFO  - jmeter.engine.util.CompoundVariable: Note: Function class names must not contain the string: '.gui.' 
2013/03/30 13:39:28 INFO  - jmeter.gui.action.LookAndFeelCommand: Using look and feel: com.apple.laf.AquaLookAndFeel [Mac OS X, System] 
2013/03/30 13:39:28 INFO  - jmeter.util.BSFTestElement: Registering JMeter version of JavaScript engine as work-round for BSF-22 
2013/03/30 13:39:28 INFO  - jmeter.protocol.http.sampler.HTTPSamplerBase: Cannot find .className property for htmlParser, using default 
2013/03/30 13:39:28 INFO  - jmeter.protocol.http.sampler.HTTPSamplerBase: Parser for text/html is  
2013/03/30 13:39:28 INFO  - jmeter.protocol.http.sampler.HTTPSamplerBase: Parser for application/xhtml+xml is  
2013/03/30 13:39:28 INFO  - jmeter.protocol.http.sampler.HTTPSamplerBase: Parser for application/xml is  
2013/03/30 13:39:28 INFO  - jmeter.protocol.http.sampler.HTTPSamplerBase: Parser for text/xml is  
2013/03/30 13:39:28 INFO  - jmeter.protocol.http.sampler.HTTPSamplerBase: Parser for text/vnd.wap.wml is org.apache.jmeter.protocol.http.parser.RegexpHTMLParser 
2013/03/30 13:39:28 INFO  - jmeter.protocol.http.sampler.HTTPSamplerBase: Reuse SSL session context on subsequent iterations: true 
2013/03/30 13:39:28 INFO  - jmeter.gui.util.MenuFactory: Skipping org.apache.jmeter.protocol.http.modifier.gui.ParamModifierGui 
2013/03/30 13:39:29 INFO  - jmeter.samplers.SampleResult: Note: Sample TimeStamps are START times 
2013/03/30 13:39:29 INFO  - jmeter.samplers.SampleResult: sampleresult.default.encoding is set to ISO-8859-1 
2013/03/30 13:39:29 INFO  - jmeter.samplers.SampleResult: sampleresult.useNanoTime=true 
2013/03/30 13:39:29 INFO  - jmeter.samplers.SampleResult: sampleresult.nanoThreadSleep=5000 
2013/03/30 13:39:52 INFO  - jmeter.services.FileServer: Default base='/Users/santanudey/Projects/Training/src' 
2013/03/30 13:39:52 INFO  - jmeter.gui.action.Load: Loading file: /Users/santanudey/Projects/Training/src/lab02/tests/stub-test.jmx 
2013/03/30 13:39:52 INFO  - jmeter.services.FileServer: Set new base='/Users/santanudey/Projects/Training/src/lab02/tests' 
2013/03/30 13:39:52 INFO  - jmeter.save.SaveService: Testplan (JMX) version: 2.2. Testlog (JTL) version: 2.2 
2013/03/30 13:39:52 INFO  - jmeter.save.SaveService: Using SaveService properties file encoding UTF-8 
2013/03/30 13:39:52 INFO  - jmeter.save.SaveService: Using SaveService properties file version 1234216 
2013/03/30 13:39:52 INFO  - jmeter.save.SaveService: Using SaveService properties version 2.2 
2013/03/30 13:39:52 INFO  - jmeter.save.SaveService: All converter versions present and correct 
2013/03/30 13:39:52 INFO  - jmeter.services.FileServer: Set new base='/Users/santanudey/Projects/Training/src/lab02/tests' 
2013/03/30 13:40:25 INFO  - jmeter.engine.StandardJMeterEngine: Listeners will be started after enabling running version 
2013/03/30 13:40:25 INFO  - jmeter.engine.StandardJMeterEngine: To revert to the earlier behaviour, define jmeterengine.startlistenerslater=false 
2013/03/30 13:40:26 INFO  - jmeter.engine.StandardJMeterEngine: Running the test! 
2013/03/30 13:40:26 INFO  - jmeter.gui.util.JMeterMenuBar: setRunning(true,*local*) 
2013/03/30 13:40:26 INFO  - jmeter.engine.StandardJMeterEngine: Starting 1 threads for group Thread Group. 
2013/03/30 13:40:26 INFO  - jmeter.engine.StandardJMeterEngine: Thread will continue on error 
2013/03/30 13:40:26 INFO  - jmeter.threads.JMeterThread: jmeterthread.startearlier=true (see jmeter.properties) 
2013/03/30 13:40:26 INFO  - jmeter.threads.JMeterThread: Running PostProcessors in forward order 
2013/03/30 13:40:26 INFO  - jmeter.engine.StandardJMeterEngine: All threads have been started 
2013/03/30 13:40:26 INFO  - jmeter.threads.JMeterThread: Thread started: Thread Group 1-1 
2013/03/30 13:40:26 INFO  - jmeter.protocol.http.sampler.HTTPJavaImpl: Maximum connection retries = 10 
2013/03/30 13:40:30 INFO  - jmeter.threads.JMeterThread: Thread finished: Thread Group 1-1 
2013/03/30 13:40:30 INFO  - jmeter.engine.StandardJMeterEngine: Ending thread Thread Group 1-1 
2013/03/30 13:40:30 INFO  - jmeter.engine.StandardJMeterEngine: Notifying test listeners of end of test 
2013/03/30 13:40:30 INFO  - jmeter.gui.util.JMeterMenuBar: setRunning(false,*local*) 
2013/03/30 13:40:30 INFO  - jmeter.engine.StandardJMeterEngine: Test has ended on host null 
2013/03/30 13:44:10 INFO  - jmeter.engine.StandardJMeterEngine: Running the test! 
2013/03/30 13:44:10 INFO  - jmeter.gui.util.JMeterMenuBar: setRunning(true,*local*) 
2013/03/30 13:44:11 INFO  - jmeter.engine.StandardJMeterEngine: Starting 1 threads for group Thread Group. 
2013/03/30 13:44:11 INFO  - jmeter.engine.StandardJMeterEngine: Thread will continue on error 
2013/03/30 13:44:11 INFO  - jmeter.engine.StandardJMeterEngine: All threads have been started 
2013/03/30 13:44:11 INFO  - jmeter.threads.JMeterThread: Thread started: Thread Group 1-1 
2013/03/30 13:44:13 INFO  - jmeter.threads.JMeterThread: Thread finished: Thread Group 1-1 
2013/03/30 13:44:13 INFO  - jmeter.engine.StandardJMeterEngine: Ending thread Thread Group 1-1 
2013/03/30 13:44:13 INFO  - jmeter.engine.StandardJMeterEngine: Notifying test listeners of end of test 
2013/03/30 13:44:13 INFO  - jmeter.gui.util.JMeterMenuBar: setRunning(false,*local*) 
2013/03/30 13:44:13 INFO  - jmeter.engine.StandardJMeterEngine: Test has ended on host null 
2013/03/30 13:53:02 INFO  - jmeter.engine.StandardJMeterEngine: Running the test! 
2013/03/30 13:53:02 INFO  - jmeter.gui.util.JMeterMenuBar: setRunning(true,*local*) 
2013/03/30 13:53:02 INFO  - jmeter.engine.StandardJMeterEngine: Starting 1 threads for group Thread Group. 
2013/03/30 13:53:02 INFO  - jmeter.engine.StandardJMeterEngine: Thread will continue on error 
2013/03/30 13:53:02 INFO  - jmeter.engine.StandardJMeterEngine: All threads have been started 
2013/03/30 13:53:02 INFO  - jmeter.threads.JMeterThread: Thread started: Thread Group 1-1 
2013/03/30 13:53:20 INFO  - jmeter.threads.JMeterThread: Thread finished: Thread Group 1-1 
2013/03/30 13:53:20 INFO  - jmeter.engine.StandardJMeterEngine: Ending thread Thread Group 1-1 
2013/03/30 13:53:20 INFO  - jmeter.engine.StandardJMeterEngine: Notifying test listeners of end of test 
2013/03/30 13:53:20 INFO  - jmeter.gui.util.JMeterMenuBar: setRunning(false,*local*) 
2013/03/30 13:53:20 INFO  - jmeter.engine.StandardJMeterEngine: Test has ended on host null 
2013/03/30 14:31:38 INFO  - jmeter.engine.StandardJMeterEngine: Running the test! 
2013/03/30 14:31:38 INFO  - jmeter.gui.util.JMeterMenuBar: setRunning(true,*local*) 
2013/03/30 14:31:38 INFO  - jmeter.engine.StandardJMeterEngine: Starting 1 threads for group Thread Group. 
2013/03/30 14:31:38 INFO  - jmeter.engine.StandardJMeterEngine: Thread will continue on error 
2013/03/30 14:31:38 INFO  - jmeter.engine.StandardJMeterEngine: All threads have been started 
2013/03/30 14:31:38 INFO  - jmeter.threads.JMeterThread: Thread started: Thread Group 1-1 
2013/03/30 14:31:40 INFO  - jmeter.threads.JMeterThread: Thread finished: Thread Group 1-1 
2013/03/30 14:31:40 INFO  - jmeter.engine.StandardJMeterEngine: Ending thread Thread Group 1-1 
2013/03/30 14:31:40 INFO  - jmeter.engine.StandardJMeterEngine: Notifying test listeners of end of test 
2013/03/30 14:31:40 INFO  - jmeter.gui.util.JMeterMenuBar: setRunning(false,*local*) 
2013/03/30 14:31:40 INFO  - jmeter.engine.StandardJMeterEngine: Test has ended on host null 
2013/03/30 18:43:54 INFO  - jmeter.gui.action.Load: Loading file: /Users/santanudey/Projects/Training/src/lab01/tests/stub-test.jmx 
2013/03/30 18:43:54 INFO  - jmeter.services.FileServer: Set new base='/Users/santanudey/Projects/Training/src/lab01/tests' 
2013/03/30 18:43:54 INFO  - jmeter.services.FileServer: Set new base='/Users/santanudey/Projects/Training/src/lab01/tests' 
2013/03/30 18:44:02 INFO  - jmeter.engine.StandardJMeterEngine: Running the test! 
2013/03/30 18:44:02 INFO  - jmeter.gui.util.JMeterMenuBar: setRunning(true,*local*) 
2013/03/30 18:44:02 INFO  - jmeter.engine.StandardJMeterEngine: Starting 1 threads for group Thread Group. 
2013/03/30 18:44:02 INFO  - jmeter.engine.StandardJMeterEngine: Thread will continue on error 
2013/03/30 18:44:02 INFO  - jmeter.engine.StandardJMeterEngine: All threads have been started 
2013/03/30 18:44:02 INFO  - jmeter.threads.JMeterThread: Thread started: Thread Group 1-1 
2013/03/30 18:44:04 INFO  - jmeter.threads.JMeterThread: Thread finished: Thread Group 1-1 
2013/03/30 18:44:04 INFO  - jmeter.engine.StandardJMeterEngine: Ending thread Thread Group 1-1 
2013/03/30 18:44:04 INFO  - jmeter.engine.StandardJMeterEngine: Notifying test listeners of end of test 
2013/03/30 18:44:04 INFO  - jmeter.gui.util.JMeterMenuBar: setRunning(false,*local*) 
2013/03/30 18:44:04 INFO  - jmeter.engine.StandardJMeterEngine: Test has ended on host null 
2013/03/30 18:45:13 INFO  - jmeter.engine.StandardJMeterEngine: Running the test! 
2013/03/30 18:45:13 INFO  - jmeter.gui.util.JMeterMenuBar: setRunning(true,*local*) 
2013/03/30 18:45:13 INFO  - jmeter.engine.StandardJMeterEngine: Starting 1 threads for group Thread Group. 
2013/03/30 18:45:13 INFO  - jmeter.engine.StandardJMeterEngine: Thread will continue on error 
2013/03/30 18:45:13 INFO  - jmeter.engine.StandardJMeterEngine: All threads have been started 
2013/03/30 18:45:13 INFO  - jmeter.threads.JMeterThread: Thread started: Thread Group 1-1 
2013/03/30 18:45:16 INFO  - jmeter.threads.JMeterThread: Thread finished: Thread Group 1-1 
2013/03/30 18:45:16 INFO  - jmeter.engine.StandardJMeterEngine: Ending thread Thread Group 1-1 
2013/03/30 18:45:16 INFO  - jmeter.engine.StandardJMeterEngine: Notifying test listeners of end of test 
2013/03/30 18:45:16 INFO  - jmeter.gui.util.JMeterMenuBar: setRunning(false,*local*) 
2013/03/30 18:45:16 INFO  - jmeter.engine.StandardJMeterEngine: Test has ended on host null 
2013/03/31 15:47:27 INFO  - jmeter.gui.action.Load: Loading file: /Users/santanudey/Projects/Training/src/lab02/tests/stub-test.jmx 
2013/03/31 15:47:27 INFO  - jmeter.services.FileServer: Set new base='/Users/santanudey/Projects/Training/src/lab02/tests' 
2013/03/31 15:47:27 INFO  - jmeter.services.FileServer: Set new base='/Users/santanudey/Projects/Training/src/lab02/tests' 
2013/03/31 15:47:28 INFO  - jmeter.engine.StandardJMeterEngine: Running the test! 
2013/03/31 15:47:28 INFO  - jmeter.gui.util.JMeterMenuBar: setRunning(true,*local*) 
2013/03/31 15:47:28 INFO  - jmeter.engine.StandardJMeterEngine: Starting 1 threads for group Thread Group. 
2013/03/31 15:47:28 INFO  - jmeter.engine.StandardJMeterEngine: Thread will continue on error 
2013/03/31 15:47:28 INFO  - jmeter.engine.StandardJMeterEngine: All threads have been started 
2013/03/31 15:47:28 INFO  - jmeter.threads.JMeterThread: Thread started: Thread Group 1-1 
2013/03/31 15:47:30 ERROR - jmeter.protocol.http.sampler.HTTPJavaImpl: readResponse: java.io.IOException: Server returned HTTP response code: 400 for URL: http://test-4g-test.apigee.net/v1/default-operation/test 
2013/03/31 15:47:30 ERROR - jmeter.protocol.http.sampler.HTTPJavaImpl: Cause: java.io.IOException: Server returned HTTP response code: 400 for URL: http://test-4g-test.apigee.net/v1/default-operation/test 
2013/03/31 15:47:30 INFO  - jmeter.protocol.http.sampler.HTTPJavaImpl: Error Response Code: 400 
2013/03/31 15:47:30 INFO  - jmeter.threads.JMeterThread: Thread finished: Thread Group 1-1 
2013/03/31 15:47:30 INFO  - jmeter.engine.StandardJMeterEngine: Ending thread Thread Group 1-1 
2013/03/31 15:47:30 INFO  - jmeter.engine.StandardJMeterEngine: Notifying test listeners of end of test 
2013/03/31 15:47:30 INFO  - jmeter.gui.util.JMeterMenuBar: setRunning(false,*local*) 
2013/03/31 15:47:30 INFO  - jmeter.engine.StandardJMeterEngine: Test has ended on host null 
2013/03/31 15:47:48 INFO  - jmeter.engine.StandardJMeterEngine: Running the test! 
2013/03/31 15:47:48 INFO  - jmeter.gui.util.JMeterMenuBar: setRunning(true,*local*) 
2013/03/31 15:47:48 INFO  - jmeter.engine.StandardJMeterEngine: Starting 1 threads for group Thread Group. 
2013/03/31 15:47:48 INFO  - jmeter.engine.StandardJMeterEngine: Thread will continue on error 
2013/03/31 15:47:48 INFO  - jmeter.engine.StandardJMeterEngine: All threads have been started 
2013/03/31 15:47:48 INFO  - jmeter.threads.JMeterThread: Thread started: Thread Group 1-1 
2013/03/31 15:48:02 INFO  - jmeter.gui.action.Start: Shutting test down 
2013/03/31 15:48:02 INFO  - jmeter.threads.JMeterThread: Stopping: Thread Group 1-1 
2013/03/31 15:48:02 INFO  - jmeter.threads.JMeterThread: Thread finished: Thread Group 1-1 
2013/03/31 15:48:02 INFO  - jmeter.engine.StandardJMeterEngine: Ending thread Thread Group 1-1 
2013/03/31 15:48:02 INFO  - jmeter.engine.StandardJMeterEngine: Notifying test listeners of end of test 
2013/03/31 15:48:02 INFO  - jmeter.gui.util.JMeterMenuBar: setRunning(false,*local*) 
2013/03/31 15:48:02 INFO  - jmeter.engine.StandardJMeterEngine: Test has ended on host null 
2013/03/31 15:48:04 INFO  - jmeter.engine.StandardJMeterEngine: Running the test! 
2013/03/31 15:48:04 INFO  - jmeter.gui.util.JMeterMenuBar: setRunning(true,*local*) 
2013/03/31 15:48:04 INFO  - jmeter.engine.StandardJMeterEngine: Starting 1 threads for group Thread Group. 
2013/03/31 15:48:04 INFO  - jmeter.engine.StandardJMeterEngine: Thread will continue on error 
2013/03/31 15:48:04 INFO  - jmeter.engine.StandardJMeterEngine: All threads have been started 
2013/03/31 15:48:04 INFO  - jmeter.threads.JMeterThread: Thread started: Thread Group 1-1 
2013/03/31 15:48:08 ERROR - jmeter.protocol.http.sampler.HTTPJavaImpl: readResponse: java.io.IOException: Server returned HTTP response code: 400 for URL: http://test-4g-test.apigee.net/v1/default-operation/test 
2013/03/31 15:48:08 ERROR - jmeter.protocol.http.sampler.HTTPJavaImpl: Cause: java.io.IOException: Server returned HTTP response code: 400 for URL: http://test-4g-test.apigee.net/v1/default-operation/test 
2013/03/31 15:48:08 INFO  - jmeter.protocol.http.sampler.HTTPJavaImpl: Error Response Code: 400 
2013/03/31 15:48:08 INFO  - jmeter.threads.JMeterThread: Thread finished: Thread Group 1-1 
2013/03/31 15:48:08 INFO  - jmeter.engine.StandardJMeterEngine: Ending thread Thread Group 1-1 
2013/03/31 15:48:08 INFO  - jmeter.engine.StandardJMeterEngine: Notifying test listeners of end of test 
2013/03/31 15:48:08 INFO  - jmeter.gui.util.JMeterMenuBar: setRunning(false,*local*) 
2013/03/31 15:48:08 INFO  - jmeter.engine.StandardJMeterEngine: Test has ended on host null 
2013/03/31 15:48:30 INFO  - jmeter.engine.StandardJMeterEngine: Running the test! 
2013/03/31 15:48:30 INFO  - jmeter.gui.util.JMeterMenuBar: setRunning(true,*local*) 
2013/03/31 15:48:31 INFO  - jmeter.engine.StandardJMeterEngine: Starting 1 threads for group Thread Group. 
2013/03/31 15:48:31 INFO  - jmeter.engine.StandardJMeterEngine: Thread will continue on error 
2013/03/31 15:48:31 INFO  - jmeter.engine.StandardJMeterEngine: All threads have been started 
2013/03/31 15:48:31 INFO  - jmeter.threads.JMeterThread: Thread started: Thread Group 1-1 
2013/03/31 15:48:36 ERROR - jmeter.protocol.http.sampler.HTTPJavaImpl: readResponse: java.io.IOException: Server returned HTTP response code: 400 for URL: http://test-4g-test.apigee.net/v1/default-operation/test 
2013/03/31 15:48:36 ERROR - jmeter.protocol.http.sampler.HTTPJavaImpl: Cause: java.io.IOException: Server returned HTTP response code: 400 for URL: http://test-4g-test.apigee.net/v1/default-operation/test 
2013/03/31 15:48:36 INFO  - jmeter.protocol.http.sampler.HTTPJavaImpl: Error Response Code: 400 
2013/03/31 15:48:36 INFO  - jmeter.threads.JMeterThread: Thread finished: Thread Group 1-1 
2013/03/31 15:48:36 INFO  - jmeter.engine.StandardJMeterEngine: Ending thread Thread Group 1-1 
2013/03/31 15:48:36 INFO  - jmeter.engine.StandardJMeterEngine: Notifying test listeners of end of test 
2013/03/31 15:48:36 INFO  - jmeter.gui.util.JMeterMenuBar: setRunning(false,*local*) 
2013/03/31 15:48:36 INFO  - jmeter.engine.StandardJMeterEngine: Test has ended on host null 
2013/03/31 15:49:08 INFO  - jmeter.engine.StandardJMeterEngine: Running the test! 
2013/03/31 15:49:08 INFO  - jmeter.gui.util.JMeterMenuBar: setRunning(true,*local*) 
2013/03/31 15:49:08 INFO  - jmeter.engine.StandardJMeterEngine: Starting 1 threads for group Thread Group. 
2013/03/31 15:49:08 INFO  - jmeter.engine.StandardJMeterEngine: Thread will continue on error 
2013/03/31 15:49:08 INFO  - jmeter.engine.StandardJMeterEngine: All threads have been started 
2013/03/31 15:49:08 INFO  - jmeter.threads.JMeterThread: Thread started: Thread Group 1-1 
2013/03/31 15:49:11 ERROR - jmeter.protocol.http.sampler.HTTPJavaImpl: readResponse: java.io.IOException: Server returned HTTP response code: 400 for URL: http://test-4g-test.apigee.net/v1/default-operation/test 
2013/03/31 15:49:11 ERROR - jmeter.protocol.http.sampler.HTTPJavaImpl: Cause: java.io.IOException: Server returned HTTP response code: 400 for URL: http://test-4g-test.apigee.net/v1/default-operation/test 
2013/03/31 15:49:11 INFO  - jmeter.protocol.http.sampler.HTTPJavaImpl: Error Response Code: 400 
2013/03/31 15:49:11 INFO  - jmeter.threads.JMeterThread: Thread finished: Thread Group 1-1 
2013/03/31 15:49:11 INFO  - jmeter.engine.StandardJMeterEngine: Ending thread Thread Group 1-1 
2013/03/31 15:49:11 INFO  - jmeter.engine.StandardJMeterEngine: Notifying test listeners of end of test 
2013/03/31 15:49:11 INFO  - jmeter.gui.util.JMeterMenuBar: setRunning(false,*local*) 
2013/03/31 15:49:11 INFO  - jmeter.engine.StandardJMeterEngine: Test has ended on host null 
2013/03/31 15:49:48 INFO  - jmeter.engine.StandardJMeterEngine: Running the test! 
2013/03/31 15:49:48 INFO  - jmeter.gui.util.JMeterMenuBar: setRunning(true,*local*) 
2013/03/31 15:49:48 INFO  - jmeter.engine.StandardJMeterEngine: Starting 1 threads for group Thread Group. 
2013/03/31 15:49:48 INFO  - jmeter.engine.StandardJMeterEngine: Thread will continue on error 
2013/03/31 15:49:48 INFO  - jmeter.engine.StandardJMeterEngine: All threads have been started 
2013/03/31 15:49:48 INFO  - jmeter.threads.JMeterThread: Thread started: Thread Group 1-1 
2013/03/31 15:49:50 INFO  - jmeter.threads.JMeterThread: Thread finished: Thread Group 1-1 
2013/03/31 15:49:50 INFO  - jmeter.engine.StandardJMeterEngine: Ending thread Thread Group 1-1 
2013/03/31 15:49:50 INFO  - jmeter.engine.StandardJMeterEngine: Notifying test listeners of end of test 
2013/03/31 15:49:50 INFO  - jmeter.gui.util.JMeterMenuBar: setRunning(false,*local*) 
2013/03/31 15:49:50 INFO  - jmeter.engine.StandardJMeterEngine: Test has ended on host null 
2013/03/31 15:52:07 INFO  - jmeter.engine.StandardJMeterEngine: Running the test! 
2013/03/31 15:52:07 INFO  - jmeter.gui.util.JMeterMenuBar: setRunning(true,*local*) 
2013/03/31 15:52:07 INFO  - jmeter.engine.StandardJMeterEngine: Starting 1 threads for group Thread Group. 
2013/03/31 15:52:07 INFO  - jmeter.engine.StandardJMeterEngine: Thread will continue on error 
2013/03/31 15:52:07 INFO  - jmeter.engine.StandardJMeterEngine: All threads have been started 
2013/03/31 15:52:07 INFO  - jmeter.threads.JMeterThread: Thread started: Thread Group 1-1 
2013/03/31 15:52:09 ERROR - jmeter.protocol.http.sampler.HTTPJavaImpl: readResponse: java.io.IOException: Server returned HTTP response code: 400 for URL: http://test-4g-test.apigee.net/v1/default-operation/test1 
2013/03/31 15:52:09 ERROR - jmeter.protocol.http.sampler.HTTPJavaImpl: Cause: java.io.IOException: Server returned HTTP response code: 400 for URL: http://test-4g-test.apigee.net/v1/default-operation/test1 
2013/03/31 15:52:09 INFO  - jmeter.protocol.http.sampler.HTTPJavaImpl: Error Response Code: 400 
2013/03/31 15:52:11 INFO  - jmeter.threads.JMeterThread: Thread finished: Thread Group 1-1 
2013/03/31 15:52:11 INFO  - jmeter.engine.StandardJMeterEngine: Ending thread Thread Group 1-1 
2013/03/31 15:52:11 INFO  - jmeter.engine.StandardJMeterEngine: Notifying test listeners of end of test 
2013/03/31 15:52:11 INFO  - jmeter.gui.util.JMeterMenuBar: setRunning(false,*local*) 
2013/03/31 15:52:11 INFO  - jmeter.engine.StandardJMeterEngine: Test has ended on host null 
2013/03/31 15:52:22 INFO  - jmeter.engine.StandardJMeterEngine: Running the test! 
2013/03/31 15:52:22 INFO  - jmeter.gui.util.JMeterMenuBar: setRunning(true,*local*) 
2013/03/31 15:52:22 INFO  - jmeter.engine.StandardJMeterEngine: Starting 1 threads for group Thread Group. 
2013/03/31 15:52:22 INFO  - jmeter.engine.StandardJMeterEngine: Thread will continue on error 
2013/03/31 15:52:22 INFO  - jmeter.engine.StandardJMeterEngine: All threads have been started 
2013/03/31 15:52:22 INFO  - jmeter.threads.JMeterThread: Thread started: Thread Group 1-1 
2013/03/31 15:52:23 INFO  - jmeter.threads.JMeterThread: Thread finished: Thread Group 1-1 
2013/03/31 15:52:23 INFO  - jmeter.engine.StandardJMeterEngine: Ending thread Thread Group 1-1 
2013/03/31 15:52:23 INFO  - jmeter.engine.StandardJMeterEngine: Notifying test listeners of end of test 
2013/03/31 15:52:23 INFO  - jmeter.gui.util.JMeterMenuBar: setRunning(false,*local*) 
2013/03/31 15:52:23 INFO  - jmeter.engine.StandardJMeterEngine: Test has ended on host null 
2013/03/31 15:52:31 INFO  - jmeter.engine.StandardJMeterEngine: Running the test! 
2013/03/31 15:52:31 INFO  - jmeter.gui.util.JMeterMenuBar: setRunning(true,*local*) 
2013/03/31 15:52:31 INFO  - jmeter.engine.StandardJMeterEngine: Starting 1 threads for group Thread Group. 
2013/03/31 15:52:31 INFO  - jmeter.engine.StandardJMeterEngine: Thread will continue on error 
2013/03/31 15:52:31 INFO  - jmeter.engine.StandardJMeterEngine: All threads have been started 
2013/03/31 15:52:31 INFO  - jmeter.threads.JMeterThread: Thread started: Thread Group 1-1 
2013/03/31 15:52:32 ERROR - jmeter.protocol.http.sampler.HTTPJavaImpl: readResponse: java.io.IOException: Server returned HTTP response code: 400 for URL: http://test-4g-test.apigee.net/v1/default-operation/test 
2013/03/31 15:52:32 ERROR - jmeter.protocol.http.sampler.HTTPJavaImpl: Cause: java.io.IOException: Server returned HTTP response code: 400 for URL: http://test-4g-test.apigee.net/v1/default-operation/test 
2013/03/31 15:52:32 INFO  - jmeter.protocol.http.sampler.HTTPJavaImpl: Error Response Code: 400 
2013/03/31 15:52:32 INFO  - jmeter.threads.JMeterThread: Thread finished: Thread Group 1-1 
2013/03/31 15:52:32 INFO  - jmeter.engine.StandardJMeterEngine: Ending thread Thread Group 1-1 
2013/03/31 15:52:32 INFO  - jmeter.engine.StandardJMeterEngine: Notifying test listeners of end of test 
2013/03/31 15:52:32 INFO  - jmeter.gui.util.JMeterMenuBar: setRunning(false,*local*) 
2013/03/31 15:52:32 INFO  - jmeter.engine.StandardJMeterEngine: Test has ended on host null 
2013/03/31 15:52:56 INFO  - jmeter.engine.StandardJMeterEngine: Running the test! 
2013/03/31 15:52:56 INFO  - jmeter.gui.util.JMeterMenuBar: setRunning(true,*local*) 
2013/03/31 15:52:56 INFO  - jmeter.engine.StandardJMeterEngine: Starting 1 threads for group Thread Group. 
2013/03/31 15:52:56 INFO  - jmeter.engine.StandardJMeterEngine: Thread will continue on error 
2013/03/31 15:52:56 INFO  - jmeter.engine.StandardJMeterEngine: All threads have been started 
2013/03/31 15:52:56 INFO  - jmeter.threads.JMeterThread: Thread started: Thread Group 1-1 
2013/03/31 15:53:01 ERROR - jmeter.protocol.http.sampler.HTTPJavaImpl: readResponse: java.io.IOException: Server returned HTTP response code: 400 for URL: http://test-4g-test.apigee.net/v1/default-operation/test 
2013/03/31 15:53:01 ERROR - jmeter.protocol.http.sampler.HTTPJavaImpl: Cause: java.io.IOException: Server returned HTTP response code: 400 for URL: http://test-4g-test.apigee.net/v1/default-operation/test 
2013/03/31 15:53:01 INFO  - jmeter.protocol.http.sampler.HTTPJavaImpl: Error Response Code: 400 
2013/03/31 15:53:01 INFO  - jmeter.threads.JMeterThread: Thread finished: Thread Group 1-1 
2013/03/31 15:53:01 INFO  - jmeter.engine.StandardJMeterEngine: Ending thread Thread Group 1-1 
2013/03/31 15:53:01 INFO  - jmeter.engine.StandardJMeterEngine: Notifying test listeners of end of test 
2013/03/31 15:53:01 INFO  - jmeter.gui.util.JMeterMenuBar: setRunning(false,*local*) 
2013/03/31 15:53:01 INFO  - jmeter.engine.StandardJMeterEngine: Test has ended on host null 
2013/03/31 15:53:59 INFO  - jmeter.engine.StandardJMeterEngine: Running the test! 
2013/03/31 15:53:59 INFO  - jmeter.gui.util.JMeterMenuBar: setRunning(true,*local*) 
2013/03/31 15:53:59 INFO  - jmeter.engine.StandardJMeterEngine: Starting 1 threads for group Thread Group. 
2013/03/31 15:53:59 INFO  - jmeter.engine.StandardJMeterEngine: Thread will continue on error 
2013/03/31 15:53:59 INFO  - jmeter.engine.StandardJMeterEngine: All threads have been started 
2013/03/31 15:53:59 INFO  - jmeter.threads.JMeterThread: Thread started: Thread Group 1-1 
2013/03/31 15:54:02 ERROR - jmeter.protocol.http.sampler.HTTPJavaImpl: readResponse: java.io.IOException: Server returned HTTP response code: 400 for URL: http://test-4g-test.apigee.net/v1/default-operation/test 
2013/03/31 15:54:02 ERROR - jmeter.protocol.http.sampler.HTTPJavaImpl: Cause: java.io.IOException: Server returned HTTP response code: 400 for URL: http://test-4g-test.apigee.net/v1/default-operation/test 
2013/03/31 15:54:02 INFO  - jmeter.protocol.http.sampler.HTTPJavaImpl: Error Response Code: 400 
2013/03/31 15:54:02 INFO  - jmeter.threads.JMeterThread: Thread finished: Thread Group 1-1 
2013/03/31 15:54:02 INFO  - jmeter.engine.StandardJMeterEngine: Ending thread Thread Group 1-1 
2013/03/31 15:54:02 INFO  - jmeter.engine.StandardJMeterEngine: Notifying test listeners of end of test 
2013/03/31 15:54:02 INFO  - jmeter.gui.util.JMeterMenuBar: setRunning(false,*local*) 
2013/03/31 15:54:02 INFO  - jmeter.engine.StandardJMeterEngine: Test has ended on host null 
2013/03/31 15:55:41 INFO  - jmeter.engine.StandardJMeterEngine: Running the test! 
2013/03/31 15:55:41 INFO  - jmeter.gui.util.JMeterMenuBar: setRunning(true,*local*) 
2013/03/31 15:55:41 INFO  - jmeter.engine.StandardJMeterEngine: Starting 1 threads for group Thread Group. 
2013/03/31 15:55:41 INFO  - jmeter.engine.StandardJMeterEngine: Thread will continue on error 
2013/03/31 15:55:41 INFO  - jmeter.engine.StandardJMeterEngine: All threads have been started 
2013/03/31 15:55:41 INFO  - jmeter.threads.JMeterThread: Thread started: Thread Group 1-1 
2013/03/31 15:55:48 ERROR - jmeter.protocol.http.sampler.HTTPJavaImpl: readResponse: java.io.IOException: Server returned HTTP response code: 400 for URL: http://test-4g-test.apigee.net/v1/default-operation/test 
2013/03/31 15:55:48 ERROR - jmeter.protocol.http.sampler.HTTPJavaImpl: Cause: java.io.IOException: Server returned HTTP response code: 400 for URL: http://test-4g-test.apigee.net/v1/default-operation/test 
2013/03/31 15:55:48 INFO  - jmeter.protocol.http.sampler.HTTPJavaImpl: Error Response Code: 400 
2013/03/31 15:55:48 INFO  - jmeter.threads.JMeterThread: Thread finished: Thread Group 1-1 
2013/03/31 15:55:48 INFO  - jmeter.engine.StandardJMeterEngine: Ending thread Thread Group 1-1 
2013/03/31 15:55:48 INFO  - jmeter.engine.StandardJMeterEngine: Notifying test listeners of end of test 
2013/03/31 15:55:48 INFO  - jmeter.gui.util.JMeterMenuBar: setRunning(false,*local*) 
2013/03/31 15:55:48 INFO  - jmeter.engine.StandardJMeterEngine: Test has ended on host null 
2013/03/31 15:56:27 INFO  - jmeter.engine.StandardJMeterEngine: Running the test! 
2013/03/31 15:56:27 INFO  - jmeter.gui.util.JMeterMenuBar: setRunning(true,*local*) 
2013/03/31 15:56:27 INFO  - jmeter.engine.StandardJMeterEngine: Starting 1 threads for group Thread Group. 
2013/03/31 15:56:27 INFO  - jmeter.engine.StandardJMeterEngine: Thread will continue on error 
2013/03/31 15:56:27 INFO  - jmeter.engine.StandardJMeterEngine: All threads have been started 
2013/03/31 15:56:27 INFO  - jmeter.threads.JMeterThread: Thread started: Thread Group 1-1 
2013/03/31 15:56:28 ERROR - jmeter.protocol.http.sampler.HTTPJavaImpl: readResponse: java.io.IOException: Server returned HTTP response code: 400 for URL: http://test-4g-test.apigee.net/v1/default-operation/test 
2013/03/31 15:56:28 ERROR - jmeter.protocol.http.sampler.HTTPJavaImpl: Cause: java.io.IOException: Server returned HTTP response code: 400 for URL: http://test-4g-test.apigee.net/v1/default-operation/test 
2013/03/31 15:56:28 INFO  - jmeter.protocol.http.sampler.HTTPJavaImpl: Error Response Code: 400 
2013/03/31 15:56:28 INFO  - jmeter.threads.JMeterThread: Thread finished: Thread Group 1-1 
2013/03/31 15:56:28 INFO  - jmeter.engine.StandardJMeterEngine: Ending thread Thread Group 1-1 
2013/03/31 15:56:28 INFO  - jmeter.engine.StandardJMeterEngine: Notifying test listeners of end of test 
2013/03/31 15:56:28 INFO  - jmeter.gui.util.JMeterMenuBar: setRunning(false,*local*) 
2013/03/31 15:56:28 INFO  - jmeter.engine.StandardJMeterEngine: Test has ended on host null 
2013/03/31 15:56:58 INFO  - jmeter.engine.StandardJMeterEngine: Running the test! 
2013/03/31 15:56:58 INFO  - jmeter.gui.util.JMeterMenuBar: setRunning(true,*local*) 
2013/03/31 15:56:58 INFO  - jmeter.engine.StandardJMeterEngine: Starting 1 threads for group Thread Group. 
2013/03/31 15:56:58 INFO  - jmeter.engine.StandardJMeterEngine: Thread will continue on error 
2013/03/31 15:56:58 INFO  - jmeter.engine.StandardJMeterEngine: All threads have been started 
2013/03/31 15:56:58 INFO  - jmeter.threads.JMeterThread: Thread started: Thread Group 1-1 
2013/03/31 15:57:00 ERROR - jmeter.protocol.http.sampler.HTTPJavaImpl: readResponse: java.io.IOException: Server returned HTTP response code: 400 for URL: http://test-4g-test.apigee.net/v1/default-operation/test 
2013/03/31 15:57:00 ERROR - jmeter.protocol.http.sampler.HTTPJavaImpl: Cause: java.io.IOException: Server returned HTTP response code: 400 for URL: http://test-4g-test.apigee.net/v1/default-operation/test 
2013/03/31 15:57:00 INFO  - jmeter.protocol.http.sampler.HTTPJavaImpl: Error Response Code: 400 
2013/03/31 15:57:00 INFO  - jmeter.threads.JMeterThread: Thread finished: Thread Group 1-1 
2013/03/31 15:57:00 INFO  - jmeter.engine.StandardJMeterEngine: Ending thread Thread Group 1-1 
2013/03/31 15:57:00 INFO  - jmeter.engine.StandardJMeterEngine: Notifying test listeners of end of test 
2013/03/31 15:57:00 INFO  - jmeter.gui.util.JMeterMenuBar: setRunning(false,*local*) 
2013/03/31 15:57:00 INFO  - jmeter.engine.StandardJMeterEngine: Test has ended on host null 
2013/03/31 15:58:31 INFO  - jmeter.engine.StandardJMeterEngine: Running the test! 
2013/03/31 15:58:31 INFO  - jmeter.gui.util.JMeterMenuBar: setRunning(true,*local*) 
2013/03/31 15:58:31 INFO  - jmeter.engine.StandardJMeterEngine: Starting 1 threads for group Thread Group. 
2013/03/31 15:58:31 INFO  - jmeter.engine.StandardJMeterEngine: Thread will continue on error 
2013/03/31 15:58:31 INFO  - jmeter.engine.StandardJMeterEngine: All threads have been started 
2013/03/31 15:58:31 INFO  - jmeter.threads.JMeterThread: Thread started: Thread Group 1-1 
2013/03/31 15:58:32 ERROR - jmeter.protocol.http.sampler.HTTPJavaImpl: readResponse: java.io.IOException: Server returned HTTP response code: 400 for URL: http://test-4g-test.apigee.net/v1/default-operation/test 
2013/03/31 15:58:32 ERROR - jmeter.protocol.http.sampler.HTTPJavaImpl: Cause: java.io.IOException: Server returned HTTP response code: 400 for URL: http://test-4g-test.apigee.net/v1/default-operation/test 
2013/03/31 15:58:32 INFO  - jmeter.protocol.http.sampler.HTTPJavaImpl: Error Response Code: 400 
2013/03/31 15:58:32 INFO  - jmeter.threads.JMeterThread: Thread finished: Thread Group 1-1 
2013/03/31 15:58:32 INFO  - jmeter.engine.StandardJMeterEngine: Ending thread Thread Group 1-1 
2013/03/31 15:58:32 INFO  - jmeter.engine.StandardJMeterEngine: Notifying test listeners of end of test 
2013/03/31 15:58:32 INFO  - jmeter.gui.util.JMeterMenuBar: setRunning(false,*local*) 
2013/03/31 15:58:32 INFO  - jmeter.engine.StandardJMeterEngine: Test has ended on host null 
2013/03/31 15:58:41 INFO  - jmeter.engine.StandardJMeterEngine: Running the test! 
2013/03/31 15:58:41 INFO  - jmeter.gui.util.JMeterMenuBar: setRunning(true,*local*) 
2013/03/31 15:58:41 INFO  - jmeter.engine.StandardJMeterEngine: Starting 1 threads for group Thread Group. 
2013/03/31 15:58:41 INFO  - jmeter.engine.StandardJMeterEngine: Thread will continue on error 
2013/03/31 15:58:41 INFO  - jmeter.engine.StandardJMeterEngine: All threads have been started 
2013/03/31 15:58:41 INFO  - jmeter.threads.JMeterThread: Thread started: Thread Group 1-1 
2013/03/31 15:58:42 ERROR - jmeter.protocol.http.sampler.HTTPJavaImpl: readResponse: java.io.IOException: Server returned HTTP response code: 400 for URL: http://test-4g-test.apigee.net/v1/default-operation/test 
2013/03/31 15:58:42 ERROR - jmeter.protocol.http.sampler.HTTPJavaImpl: Cause: java.io.IOException: Server returned HTTP response code: 400 for URL: http://test-4g-test.apigee.net/v1/default-operation/test 
2013/03/31 15:58:42 INFO  - jmeter.protocol.http.sampler.HTTPJavaImpl: Error Response Code: 400 
2013/03/31 15:58:42 INFO  - jmeter.threads.JMeterThread: Thread finished: Thread Group 1-1 
2013/03/31 15:58:42 INFO  - jmeter.engine.StandardJMeterEngine: Ending thread Thread Group 1-1 
2013/03/31 15:58:42 INFO  - jmeter.engine.StandardJMeterEngine: Notifying test listeners of end of test 
2013/03/31 15:58:42 INFO  - jmeter.gui.util.JMeterMenuBar: setRunning(false,*local*) 
2013/03/31 15:58:42 INFO  - jmeter.engine.StandardJMeterEngine: Test has ended on host null 
2013/03/31 16:24:20 INFO  - jmeter.engine.StandardJMeterEngine: Running the test! 
2013/03/31 16:24:20 INFO  - jmeter.gui.util.JMeterMenuBar: setRunning(true,*local*) 
2013/03/31 16:24:20 INFO  - jmeter.engine.StandardJMeterEngine: Starting 1 threads for group Thread Group. 
2013/03/31 16:24:20 INFO  - jmeter.engine.StandardJMeterEngine: Thread will continue on error 
2013/03/31 16:24:20 INFO  - jmeter.engine.StandardJMeterEngine: All threads have been started 
2013/03/31 16:24:20 INFO  - jmeter.threads.JMeterThread: Thread started: Thread Group 1-1 
2013/03/31 16:24:21 ERROR - jmeter.protocol.http.sampler.HTTPJavaImpl: readResponse: java.io.IOException: Server returned HTTP response code: 400 for URL: http://test-4g-test.apigee.net/v1/default-operation/test 
2013/03/31 16:24:21 ERROR - jmeter.protocol.http.sampler.HTTPJavaImpl: Cause: java.io.IOException: Server returned HTTP response code: 400 for URL: http://test-4g-test.apigee.net/v1/default-operation/test 
2013/03/31 16:24:21 INFO  - jmeter.protocol.http.sampler.HTTPJavaImpl: Error Response Code: 400 
2013/03/31 16:24:21 INFO  - jmeter.threads.JMeterThread: Thread finished: Thread Group 1-1 
2013/03/31 16:24:21 INFO  - jmeter.engine.StandardJMeterEngine: Ending thread Thread Group 1-1 
2013/03/31 16:24:21 INFO  - jmeter.engine.StandardJMeterEngine: Notifying test listeners of end of test 
2013/03/31 16:24:21 INFO  - jmeter.gui.util.JMeterMenuBar: setRunning(false,*local*) 
2013/03/31 16:24:21 INFO  - jmeter.engine.StandardJMeterEngine: Test has ended on host null 
2013/03/31 16:25:40 INFO  - jmeter.engine.StandardJMeterEngine: Running the test! 
2013/03/31 16:25:40 INFO  - jmeter.gui.util.JMeterMenuBar: setRunning(true,*local*) 
2013/03/31 16:25:40 INFO  - jmeter.engine.StandardJMeterEngine: Starting 1 threads for group Thread Group. 
2013/03/31 16:25:40 INFO  - jmeter.engine.StandardJMeterEngine: Thread will continue on error 
2013/03/31 16:25:40 INFO  - jmeter.engine.StandardJMeterEngine: All threads have been started 
2013/03/31 16:25:40 INFO  - jmeter.threads.JMeterThread: Thread started: Thread Group 1-1 
2013/03/31 16:25:40 ERROR - jmeter.protocol.http.sampler.HTTPJavaImpl: readResponse: java.io.IOException: Server returned HTTP response code: 400 for URL: http://test-4g-test.apigee.net/v1/default-operation/test 
2013/03/31 16:25:40 ERROR - jmeter.protocol.http.sampler.HTTPJavaImpl: Cause: java.io.IOException: Server returned HTTP response code: 400 for URL: http://test-4g-test.apigee.net/v1/default-operation/test 
2013/03/31 16:25:40 INFO  - jmeter.protocol.http.sampler.HTTPJavaImpl: Error Response Code: 400 
2013/03/31 16:25:40 INFO  - jmeter.threads.JMeterThread: Thread finished: Thread Group 1-1 
2013/03/31 16:25:40 INFO  - jmeter.engine.StandardJMeterEngine: Ending thread Thread Group 1-1 
2013/03/31 16:25:40 INFO  - jmeter.engine.StandardJMeterEngine: Notifying test listeners of end of test 
2013/03/31 16:25:40 INFO  - jmeter.gui.util.JMeterMenuBar: setRunning(false,*local*) 
2013/03/31 16:25:40 INFO  - jmeter.engine.StandardJMeterEngine: Test has ended on host null 
2013/03/31 16:27:04 INFO  - jmeter.engine.StandardJMeterEngine: Running the test! 
2013/03/31 16:27:04 INFO  - jmeter.gui.util.JMeterMenuBar: setRunning(true,*local*) 
2013/03/31 16:27:04 INFO  - jmeter.engine.StandardJMeterEngine: Starting 1 threads for group Thread Group. 
2013/03/31 16:27:04 INFO  - jmeter.engine.StandardJMeterEngine: Thread will continue on error 
2013/03/31 16:27:04 INFO  - jmeter.engine.StandardJMeterEngine: All threads have been started 
2013/03/31 16:27:04 INFO  - jmeter.threads.JMeterThread: Thread started: Thread Group 1-1 
2013/03/31 16:27:05 ERROR - jmeter.protocol.http.sampler.HTTPJavaImpl: readResponse: java.io.IOException: Server returned HTTP response code: 400 for URL: http://test-4g-test.apigee.net/v1/default-operation/test 
2013/03/31 16:27:05 ERROR - jmeter.protocol.http.sampler.HTTPJavaImpl: Cause: java.io.IOException: Server returned HTTP response code: 400 for URL: http://test-4g-test.apigee.net/v1/default-operation/test 
2013/03/31 16:27:05 INFO  - jmeter.protocol.http.sampler.HTTPJavaImpl: Error Response Code: 400 
2013/03/31 16:27:05 INFO  - jmeter.threads.JMeterThread: Thread finished: Thread Group 1-1 
2013/03/31 16:27:05 INFO  - jmeter.engine.StandardJMeterEngine: Ending thread Thread Group 1-1 
2013/03/31 16:27:05 INFO  - jmeter.engine.StandardJMeterEngine: Notifying test listeners of end of test 
2013/03/31 16:27:05 INFO  - jmeter.gui.util.JMeterMenuBar: setRunning(false,*local*) 
2013/03/31 16:27:05 INFO  - jmeter.engine.StandardJMeterEngine: Test has ended on host null 
2013/03/31 16:27:29 INFO  - jmeter.engine.StandardJMeterEngine: Running the test! 
2013/03/31 16:27:29 INFO  - jmeter.gui.util.JMeterMenuBar: setRunning(true,*local*) 
2013/03/31 16:27:30 INFO  - jmeter.engine.StandardJMeterEngine: Starting 1 threads for group Thread Group. 
2013/03/31 16:27:30 INFO  - jmeter.engine.StandardJMeterEngine: Thread will continue on error 
2013/03/31 16:27:30 INFO  - jmeter.engine.StandardJMeterEngine: All threads have been started 
2013/03/31 16:27:30 INFO  - jmeter.threads.JMeterThread: Thread started: Thread Group 1-1 
2013/03/31 16:27:30 ERROR - jmeter.protocol.http.sampler.HTTPJavaImpl: readResponse: java.io.IOException: Server returned HTTP response code: 400 for URL: http://test-4g-test.apigee.net/v1/default-operation/test 
2013/03/31 16:27:30 ERROR - jmeter.protocol.http.sampler.HTTPJavaImpl: Cause: java.io.IOException: Server returned HTTP response code: 400 for URL: http://test-4g-test.apigee.net/v1/default-operation/test 
2013/03/31 16:27:30 INFO  - jmeter.protocol.http.sampler.HTTPJavaImpl: Error Response Code: 400 
2013/03/31 16:27:30 INFO  - jmeter.threads.JMeterThread: Thread finished: Thread Group 1-1 
2013/03/31 16:27:30 INFO  - jmeter.engine.StandardJMeterEngine: Ending thread Thread Group 1-1 
2013/03/31 16:27:30 INFO  - jmeter.engine.StandardJMeterEngine: Notifying test listeners of end of test 
2013/03/31 16:27:30 INFO  - jmeter.gui.util.JMeterMenuBar: setRunning(false,*local*) 
2013/03/31 16:27:30 INFO  - jmeter.engine.StandardJMeterEngine: Test has ended on host null 
2013/03/31 16:28:04 INFO  - jmeter.engine.StandardJMeterEngine: Running the test! 
2013/03/31 16:28:04 INFO  - jmeter.gui.util.JMeterMenuBar: setRunning(true,*local*) 
2013/03/31 16:28:04 INFO  - jmeter.engine.StandardJMeterEngine: Starting 1 threads for group Thread Group. 
2013/03/31 16:28:04 INFO  - jmeter.engine.StandardJMeterEngine: Thread will continue on error 
2013/03/31 16:28:04 INFO  - jmeter.engine.StandardJMeterEngine: All threads have been started 
2013/03/31 16:28:04 INFO  - jmeter.threads.JMeterThread: Thread started: Thread Group 1-1 
2013/03/31 16:28:06 ERROR - jmeter.protocol.http.sampler.HTTPJavaImpl: readResponse: java.io.IOException: Server returned HTTP response code: 400 for URL: http://test-4g-test.apigee.net/v1/default-operation/test 
2013/03/31 16:28:06 ERROR - jmeter.protocol.http.sampler.HTTPJavaImpl: Cause: java.io.IOException: Server returned HTTP response code: 400 for URL: http://test-4g-test.apigee.net/v1/default-operation/test 
2013/03/31 16:28:06 INFO  - jmeter.protocol.http.sampler.HTTPJavaImpl: Error Response Code: 400 
2013/03/31 16:28:08 INFO  - jmeter.threads.JMeterThread: Thread finished: Thread Group 1-1 
2013/03/31 16:28:08 INFO  - jmeter.engine.StandardJMeterEngine: Ending thread Thread Group 1-1 
2013/03/31 16:28:08 INFO  - jmeter.engine.StandardJMeterEngine: Notifying test listeners of end of test 
2013/03/31 16:28:08 INFO  - jmeter.gui.util.JMeterMenuBar: setRunning(false,*local*) 
2013/03/31 16:28:08 INFO  - jmeter.engine.StandardJMeterEngine: Test has ended on host null 
2013/03/31 16:28:56 INFO  - jmeter.engine.StandardJMeterEngine: Running the test! 
2013/03/31 16:28:56 INFO  - jmeter.gui.util.JMeterMenuBar: setRunning(true,*local*) 
2013/03/31 16:28:56 INFO  - jmeter.engine.StandardJMeterEngine: Starting 1 threads for group Thread Group. 
2013/03/31 16:28:56 INFO  - jmeter.engine.StandardJMeterEngine: Thread will continue on error 
2013/03/31 16:28:56 INFO  - jmeter.engine.StandardJMeterEngine: All threads have been started 
2013/03/31 16:28:56 INFO  - jmeter.threads.JMeterThread: Thread started: Thread Group 1-1 
2013/03/31 16:28:57 ERROR - jmeter.protocol.http.sampler.HTTPJavaImpl: readResponse: java.io.IOException: Server returned HTTP response code: 400 for URL: http://test-4g-test.apigee.net/v1/default-operation/test 
2013/03/31 16:28:57 ERROR - jmeter.protocol.http.sampler.HTTPJavaImpl: Cause: java.io.IOException: Server returned HTTP response code: 400 for URL: http://test-4g-test.apigee.net/v1/default-operation/test 
2013/03/31 16:28:57 INFO  - jmeter.protocol.http.sampler.HTTPJavaImpl: Error Response Code: 400 
2013/03/31 16:28:57 INFO  - jmeter.threads.JMeterThread: Thread finished: Thread Group 1-1 
2013/03/31 16:28:57 INFO  - jmeter.engine.StandardJMeterEngine: Ending thread Thread Group 1-1 
2013/03/31 16:28:57 INFO  - jmeter.engine.StandardJMeterEngine: Notifying test listeners of end of test 
2013/03/31 16:28:57 INFO  - jmeter.gui.util.JMeterMenuBar: setRunning(false,*local*) 
2013/03/31 16:28:57 INFO  - jmeter.engine.StandardJMeterEngine: Test has ended on host null 
2013/03/31 16:29:26 INFO  - jmeter.engine.StandardJMeterEngine: Running the test! 
2013/03/31 16:29:26 INFO  - jmeter.gui.util.JMeterMenuBar: setRunning(true,*local*) 
2013/03/31 16:29:26 INFO  - jmeter.engine.StandardJMeterEngine: Starting 1 threads for group Thread Group. 
2013/03/31 16:29:26 INFO  - jmeter.engine.StandardJMeterEngine: Thread will continue on error 
2013/03/31 16:29:26 INFO  - jmeter.engine.StandardJMeterEngine: All threads have been started 
2013/03/31 16:29:26 INFO  - jmeter.threads.JMeterThread: Thread started: Thread Group 1-1 
2013/03/31 16:29:27 ERROR - jmeter.protocol.http.sampler.HTTPJavaImpl: readResponse: java.io.IOException: Server returned HTTP response code: 400 for URL: http://test-4g-test.apigee.net/v1/default-operation/test 
2013/03/31 16:29:27 ERROR - jmeter.protocol.http.sampler.HTTPJavaImpl: Cause: java.io.IOException: Server returned HTTP response code: 400 for URL: http://test-4g-test.apigee.net/v1/default-operation/test 
2013/03/31 16:29:27 INFO  - jmeter.protocol.http.sampler.HTTPJavaImpl: Error Response Code: 400 
2013/03/31 16:29:27 INFO  - jmeter.threads.JMeterThread: Thread finished: Thread Group 1-1 
2013/03/31 16:29:27 INFO  - jmeter.engine.StandardJMeterEngine: Ending thread Thread Group 1-1 
2013/03/31 16:29:27 INFO  - jmeter.engine.StandardJMeterEngine: Notifying test listeners of end of test 
2013/03/31 16:29:27 INFO  - jmeter.gui.util.JMeterMenuBar: setRunning(false,*local*) 
2013/03/31 16:29:27 INFO  - jmeter.engine.StandardJMeterEngine: Test has ended on host null 
2013/03/31 16:29:40 INFO  - jmeter.engine.StandardJMeterEngine: Running the test! 
2013/03/31 16:29:40 INFO  - jmeter.gui.util.JMeterMenuBar: setRunning(true,*local*) 
2013/03/31 16:29:41 INFO  - jmeter.engine.StandardJMeterEngine: Starting 1 threads for group Thread Group. 
2013/03/31 16:29:41 INFO  - jmeter.engine.StandardJMeterEngine: Thread will continue on error 
2013/03/31 16:29:41 INFO  - jmeter.engine.StandardJMeterEngine: All threads have been started 
2013/03/31 16:29:41 INFO  - jmeter.threads.JMeterThread: Thread started: Thread Group 1-1 
2013/03/31 16:29:41 ERROR - jmeter.protocol.http.sampler.HTTPJavaImpl: readResponse: java.io.IOException: Server returned HTTP response code: 400 for URL: http://test-4g-test.apigee.net/v1/default-operation/test 
2013/03/31 16:29:41 ERROR - jmeter.protocol.http.sampler.HTTPJavaImpl: Cause: java.io.IOException: Server returned HTTP response code: 400 for URL: http://test-4g-test.apigee.net/v1/default-operation/test 
2013/03/31 16:29:41 INFO  - jmeter.protocol.http.sampler.HTTPJavaImpl: Error Response Code: 400 
2013/03/31 16:29:41 INFO  - jmeter.threads.JMeterThread: Thread finished: Thread Group 1-1 
2013/03/31 16:29:41 INFO  - jmeter.engine.StandardJMeterEngine: Ending thread Thread Group 1-1 
2013/03/31 16:29:41 INFO  - jmeter.engine.StandardJMeterEngine: Notifying test listeners of end of test 
2013/03/31 16:29:41 INFO  - jmeter.gui.util.JMeterMenuBar: setRunning(false,*local*) 
2013/03/31 16:29:41 INFO  - jmeter.engine.StandardJMeterEngine: Test has ended on host null 
2013/03/31 16:29:58 INFO  - jmeter.engine.StandardJMeterEngine: Running the test! 
2013/03/31 16:29:58 INFO  - jmeter.gui.util.JMeterMenuBar: setRunning(true,*local*) 
2013/03/31 16:29:58 INFO  - jmeter.engine.StandardJMeterEngine: Starting 1 threads for group Thread Group. 
2013/03/31 16:29:58 INFO  - jmeter.engine.StandardJMeterEngine: Thread will continue on error 
2013/03/31 16:29:58 INFO  - jmeter.engine.StandardJMeterEngine: All threads have been started 
2013/03/31 16:29:58 INFO  - jmeter.threads.JMeterThread: Thread started: Thread Group 1-1 
2013/03/31 16:29:59 ERROR - jmeter.protocol.http.sampler.HTTPJavaImpl: readResponse: java.io.IOException: Server returned HTTP response code: 400 for URL: http://test-4g-test.apigee.net/v1/default-operation/test 
2013/03/31 16:29:59 ERROR - jmeter.protocol.http.sampler.HTTPJavaImpl: Cause: java.io.IOException: Server returned HTTP response code: 400 for URL: http://test-4g-test.apigee.net/v1/default-operation/test 
2013/03/31 16:29:59 INFO  - jmeter.protocol.http.sampler.HTTPJavaImpl: Error Response Code: 400 
2013/03/31 16:29:59 INFO  - jmeter.threads.JMeterThread: Thread finished: Thread Group 1-1 
2013/03/31 16:29:59 INFO  - jmeter.engine.StandardJMeterEngine: Ending thread Thread Group 1-1 
2013/03/31 16:29:59 INFO  - jmeter.engine.StandardJMeterEngine: Notifying test listeners of end of test 
2013/03/31 16:29:59 INFO  - jmeter.gui.util.JMeterMenuBar: setRunning(false,*local*) 
2013/03/31 16:29:59 INFO  - jmeter.engine.StandardJMeterEngine: Test has ended on host null 
2013/03/31 16:30:06 INFO  - jmeter.engine.StandardJMeterEngine: Running the test! 
2013/03/31 16:30:06 INFO  - jmeter.gui.util.JMeterMenuBar: setRunning(true,*local*) 
2013/03/31 16:30:06 INFO  - jmeter.engine.StandardJMeterEngine: Starting 1 threads for group Thread Group. 
2013/03/31 16:30:06 INFO  - jmeter.engine.StandardJMeterEngine: Thread will continue on error 
2013/03/31 16:30:06 INFO  - jmeter.engine.StandardJMeterEngine: All threads have been started 
2013/03/31 16:30:06 INFO  - jmeter.threads.JMeterThread: Thread started: Thread Group 1-1 
2013/03/31 16:30:08 ERROR - jmeter.protocol.http.sampler.HTTPJavaImpl: readResponse: java.io.IOException: Server returned HTTP response code: 400 for URL: http://test-4g-test.apigee.net/v1/default-operation/test 
2013/03/31 16:30:08 ERROR - jmeter.protocol.http.sampler.HTTPJavaImpl: Cause: java.io.IOException: Server returned HTTP response code: 400 for URL: http://test-4g-test.apigee.net/v1/default-operation/test 
2013/03/31 16:30:08 INFO  - jmeter.protocol.http.sampler.HTTPJavaImpl: Error Response Code: 400 
2013/03/31 16:30:08 INFO  - jmeter.threads.JMeterThread: Thread finished: Thread Group 1-1 
2013/03/31 16:30:08 INFO  - jmeter.engine.StandardJMeterEngine: Ending thread Thread Group 1-1 
2013/03/31 16:30:08 INFO  - jmeter.engine.StandardJMeterEngine: Notifying test listeners of end of test 
2013/03/31 16:30:08 INFO  - jmeter.gui.util.JMeterMenuBar: setRunning(false,*local*) 
2013/03/31 16:30:08 INFO  - jmeter.engine.StandardJMeterEngine: Test has ended on host null 
