2013/04/04 19:05:43 INFO  - jmeter.util.JMeterUtils: Setting Locale to en_US 
2013/04/04 19:05:43 INFO  - jmeter.JMeter: Loading user properties from: /Users/santanudey/Projects/Training/src/lab06/target/jmeter/bin/user.properties 
2013/04/04 19:05:43 INFO  - jmeter.JMeter: Loading system properties from: /Users/santanudey/Projects/Training/src/lab06/target/jmeter/bin/system.properties 
2013/04/04 19:05:43 INFO  - jmeter.JMeter: Copyright (c) 1998-2013 The Apache Software Foundation 
2013/04/04 19:05:43 INFO  - jmeter.JMeter: Version 2.9 r1437961 
2013/04/04 19:05:43 INFO  - jmeter.JMeter: java.version=1.6.0_41 
2013/04/04 19:05:43 INFO  - jmeter.JMeter: java.vm.name=Java HotSpot(TM) 64-Bit Server VM 
2013/04/04 19:05:43 INFO  - jmeter.JMeter: os.name=Mac OS X 
2013/04/04 19:05:43 INFO  - jmeter.JMeter: os.arch=x86_64 
2013/04/04 19:05:43 INFO  - jmeter.JMeter: os.version=10.7.5 
2013/04/04 19:05:43 INFO  - jmeter.JMeter: file.encoding=MacRoman 
2013/04/04 19:05:43 INFO  - jmeter.JMeter: Default Locale=English (United States) 
2013/04/04 19:05:43 INFO  - jmeter.JMeter: JMeter  Locale=English (United States) 
2013/04/04 19:05:43 INFO  - jmeter.JMeter: JMeterHome=/Users/santanudey/Projects/Training/src/lab06/target/jmeter 
2013/04/04 19:05:43 INFO  - jmeter.JMeter: user.dir  =/Users/santanudey/Projects/Training/src/lab06/target/jmeter/bin 
2013/04/04 19:05:43 INFO  - jmeter.JMeter: PWD       =/Users/santanudey/Projects/Training/src/lab06/target/jmeter/bin 
2013/04/04 19:05:43 INFO  - jmeter.JMeter: IP: 10.0.0.3 Name: Santanu-Deys-MacBook-Pro.local FullName: 10.0.0.3 
2013/04/04 19:05:43 INFO  - jmeter.services.FileServer: Default base='/Users/santanudey/Projects/Training/src/lab06/target/jmeter/bin' 
2013/04/04 19:05:43 INFO  - jmeter.services.FileServer: Set new base='/Users/santanudey/Projects/Training/src/lab06/tests' 
2013/04/04 19:05:43 INFO  - jmeter.JMeter: Loading file: /Users/santanudey/Projects/Training/src/lab06/tests/get-call.jmx 
2013/04/04 19:05:43 INFO  - jmeter.save.SaveService: Testplan (JMX) version: 2.2. Testlog (JTL) version: 2.2 
2013/04/04 19:05:43 INFO  - jmeter.save.SaveService: Using SaveService properties file encoding UTF-8 
2013/04/04 19:05:43 INFO  - jmeter.save.SaveService: Using SaveService properties file version 1427507 
2013/04/04 19:05:43 INFO  - jmeter.save.SaveService: Using SaveService properties version 2.4 
2013/04/04 19:05:43 INFO  - jmeter.save.SaveService: All converter versions present and correct 
2013/04/04 19:05:43 INFO  - jmeter.protocol.http.sampler.HTTPSamplerBase: Cannot find .className property for htmlParser, using default 
2013/04/04 19:05:43 INFO  - jmeter.protocol.http.sampler.HTTPSamplerBase: Parser for text/html is  
2013/04/04 19:05:43 INFO  - jmeter.protocol.http.sampler.HTTPSamplerBase: Parser for application/xhtml+xml is  
2013/04/04 19:05:43 INFO  - jmeter.protocol.http.sampler.HTTPSamplerBase: Parser for application/xml is  
2013/04/04 19:05:43 INFO  - jmeter.protocol.http.sampler.HTTPSamplerBase: Parser for text/xml is  
2013/04/04 19:05:43 INFO  - jmeter.protocol.http.sampler.HTTPSamplerBase: Parser for text/vnd.wap.wml is org.apache.jmeter.protocol.http.parser.RegexpHTMLParser 
2013/04/04 19:05:43 INFO  - jmeter.protocol.http.sampler.HTTPSamplerBase: Reuse SSL session context on subsequent iterations: true 
2013/04/04 19:05:43 INFO  - jmeter.engine.StandardJMeterEngine: Listeners will be started after enabling running version 
2013/04/04 19:05:43 INFO  - jmeter.engine.StandardJMeterEngine: To revert to the earlier behaviour, define jmeterengine.startlistenerslater=false 
2013/04/04 19:05:43 INFO  - jmeter.engine.StandardJMeterEngine: Running the test! 
2013/04/04 19:05:43 INFO  - jmeter.engine.util.CompoundVariable: Note: Function class names must contain the string: '.functions.' 
2013/04/04 19:05:43 INFO  - jmeter.engine.util.CompoundVariable: Note: Function class names must not contain the string: '.gui.' 
2013/04/04 19:05:43 INFO  - jmeter.JMeter: Running test (1365082543855) 
2013/04/04 19:05:43 INFO  - jmeter.engine.StandardJMeterEngine: Starting ThreadGroup: 1 : Thread Group 
2013/04/04 19:05:43 INFO  - jmeter.engine.StandardJMeterEngine: Starting 1 threads for group Thread Group. 
2013/04/04 19:05:43 INFO  - jmeter.engine.StandardJMeterEngine: Thread will continue on error 
2013/04/04 19:05:43 INFO  - jmeter.threads.ThreadGroup: Starting thread group number 1 threads 1 ramp-up 1 perThread 1000.0 delayedStart=false 
2013/04/04 19:05:43 INFO  - jmeter.threads.JMeterThread: jmeterthread.startearlier=true (see jmeter.properties) 
2013/04/04 19:05:43 INFO  - jmeter.threads.JMeterThread: Running PostProcessors in forward order 
2013/04/04 19:05:43 INFO  - jmeter.threads.ThreadGroup: Started thread group number 1 
2013/04/04 19:05:43 INFO  - jmeter.engine.StandardJMeterEngine: All thread groups have been started 
2013/04/04 19:05:43 INFO  - jmeter.threads.JMeterThread: Thread started: Thread Group 1-1 
2013/04/04 19:05:44 INFO  - jmeter.protocol.http.sampler.HTTPHCAbstractImpl: Local host = Santanu-Deys-MacBook-Pro.local 
2013/04/04 19:05:44 INFO  - jmeter.protocol.http.sampler.HTTPHC4Impl: HTTP request retry count = 1 
2013/04/04 19:05:44 INFO  - jmeter.protocol.http.sampler.HTTPHC4Impl: Setting up HTTPS TrustAll scheme 
2013/04/04 19:05:44 INFO  - jmeter.util.JsseSSLManager: Using default SSL protocol: TLS 
2013/04/04 19:05:44 INFO  - jmeter.util.JsseSSLManager: SSL session context: per-thread 
2013/04/04 19:05:44 INFO  - jmeter.samplers.SampleResult: Note: Sample TimeStamps are START times 
2013/04/04 19:05:44 INFO  - jmeter.samplers.SampleResult: sampleresult.default.encoding is set to ISO-8859-1 
2013/04/04 19:05:44 INFO  - jmeter.samplers.SampleResult: sampleresult.useNanoTime=true 
2013/04/04 19:05:44 INFO  - jmeter.samplers.SampleResult: sampleresult.nanoThreadSleep=5000 
2013/04/04 19:05:45 INFO  - jmeter.threads.JMeterThread: Thread finished: Thread Group 1-1 
2013/04/04 19:05:45 INFO  - jmeter.engine.StandardJMeterEngine: Notifying test listeners of end of test 
